TN:
SF:src\controllers\notification.controller.ts
FN:10,createNotification
FN:45,getNotifications
FN:72,updateNotificationStatus
FN:100,(anonymous_3)
FN:120,(anonymous_4)
FNF:5
FNH:5
FNDA:4,createNotification
FNDA:1,getNotifications
FNDA:2,updateNotificationStatus
FNDA:1,(anonymous_3)
FNDA:1,(anonymous_4)
DA:2,1
DA:3,1
DA:6,1
DA:10,1
DA:15,4
DA:17,4
DA:19,4
DA:31,4
DA:32,1
DA:33,1
DA:36,3
DA:37,3
DA:39,0
DA:45,1
DA:50,1
DA:51,1
DA:53,1
DA:55,1
DA:56,0
DA:57,0
DA:60,1
DA:61,1
DA:63,1
DA:64,1
DA:66,0
DA:72,1
DA:77,2
DA:78,2
DA:79,2
DA:81,2
DA:82,2
DA:83,1
DA:84,1
DA:87,1
DA:92,1
DA:94,0
DA:100,1
DA:101,1
DA:102,1
DA:103,1
DA:105,1
DA:106,0
DA:107,0
DA:110,1
DA:111,1
DA:113,0
DA:114,0
DA:120,1
DA:121,1
DA:122,1
DA:124,1
DA:125,0
DA:126,0
DA:129,1
DA:130,1
DA:132,0
DA:133,0
LF:57
LH:44
BRDA:20,0,0,4
BRDA:20,0,1,4
BRDA:26,1,0,0
BRDA:26,1,1,4
BRDA:26,2,0,4
BRDA:26,2,1,4
BRDA:31,3,0,1
BRDA:31,4,0,4
BRDA:31,4,1,4
BRDA:31,4,2,3
BRDA:55,5,0,0
BRDA:60,6,0,0
BRDA:60,6,1,1
BRDA:60,7,0,1
BRDA:60,7,1,1
BRDA:61,8,0,0
BRDA:61,8,1,1
BRDA:61,9,0,1
BRDA:61,9,1,1
BRDA:82,10,0,1
BRDA:82,11,0,2
BRDA:82,11,1,2
BRDA:89,12,0,1
BRDA:89,12,1,0
BRDA:105,13,0,0
BRDA:124,14,0,0
BRF:26
BRH:19
end_of_record
TN:
SF:src\middlewares\auth.middleware.ts
FN:25,authenticateToken
FN:77,authenticateOrPublic
FNF:2
FNH:2
FNDA:7,authenticateToken
FNDA:5,authenticateOrPublic
DA:2,1
DA:12,1
DA:25,1
DA:30,7
DA:31,7
DA:33,7
DA:34,2
DA:35,2
DA:38,5
DA:39,5
DA:41,5
DA:42,5
DA:43,0
DA:44,0
DA:47,5
DA:48,5
DA:49,5
DA:52,5
DA:53,5
DA:54,5
DA:56,5
DA:58,0
DA:59,0
DA:61,0
DA:77,1
DA:82,5
DA:83,5
DA:86,5
DA:87,1
DA:88,1
DA:90,1
DA:91,0
DA:92,0
DA:95,1
DA:96,1
DA:98,1
DA:99,1
DA:100,1
DA:101,1
DA:103,0
DA:104,0
DA:106,0
DA:108,0
DA:113,4
DA:115,4
DA:119,4
DA:121,3
DA:122,3
DA:123,3
DA:126,1
LF:50
LH:39
BRDA:33,0,0,2
BRDA:33,1,0,7
BRDA:33,1,1,5
BRDA:42,2,0,0
BRDA:52,3,0,5
BRDA:52,3,1,0
BRDA:58,4,0,0
BRDA:58,4,1,0
BRDA:86,5,0,1
BRDA:86,6,0,5
BRDA:86,6,1,1
BRDA:90,7,0,0
BRDA:98,8,0,1
BRDA:98,8,1,0
BRDA:103,9,0,0
BRDA:103,9,1,0
BRDA:119,10,0,3
BRDA:119,11,0,4
BRDA:119,11,1,3
BRF:19
BRH:11
end_of_record
TN:
SF:src\middlewares\error.middleware.ts
FN:3,errorHandler
FNF:1
FNH:0
FNDA:0,errorHandler
DA:3,1
DA:9,0
DA:11,0
DA:13,0
LF:4
LH:1
BRDA:11,0,0,0
BRDA:11,0,1,0
BRDA:11,1,0,0
BRDA:11,1,1,0
BRDA:15,2,0,0
BRDA:15,2,1,0
BRDA:15,3,0,0
BRDA:15,3,1,0
BRDA:16,4,0,0
BRDA:16,4,1,0
BRF:10
BRH:0
end_of_record
TN:
SF:src\routes\notification.routes.ts
FNF:0
FNH:0
DA:1,1
DA:2,1
DA:9,1
DA:14,1
DA:25,1
DA:33,1
DA:40,1
DA:46,1
DA:52,1
DA:54,1
LF:10
LH:10
BRF:0
BRH:0
end_of_record
TN:
SF:src\services\notification.service.ts
FN:14,(anonymous_0)
FN:50,(anonymous_1)
FN:58,(anonymous_2)
FN:69,(anonymous_3)
FN:80,(anonymous_4)
FN:87,(anonymous_5)
FN:100,(anonymous_6)
FN:114,(anonymous_7)
FN:173,(anonymous_8)
FN:210,(anonymous_9)
FN:235,(anonymous_10)
FNF:11
FNH:10
FNDA:10,(anonymous_0)
FNDA:0,(anonymous_1)
FNDA:2,(anonymous_2)
FNDA:2,(anonymous_3)
FNDA:2,(anonymous_4)
FNDA:3,(anonymous_5)
FNDA:2,(anonymous_6)
FNDA:9,(anonymous_7)
FNDA:1,(anonymous_8)
FNDA:1,(anonymous_9)
FNDA:1,(anonymous_10)
DA:6,2
DA:7,2
DA:9,2
DA:11,2
DA:15,10
DA:16,1
DA:20,9
DA:21,1
DA:22,1
DA:23,1
DA:24,1
DA:25,1
DA:26,1
DA:28,1
DA:43,8
DA:45,8
DA:48,8
DA:49,8
DA:50,8
DA:51,0
DA:55,8
DA:63,2
DA:64,1
DA:66,1
DA:73,2
DA:74,2
DA:75,1
DA:77,1
DA:81,2
DA:82,0
DA:84,2
DA:88,3
DA:89,1
DA:91,2
DA:101,2
DA:103,2
DA:105,1
DA:107,1
DA:108,1
DA:115,9
DA:116,9
DA:121,9
DA:124,9
DA:125,0
DA:126,0
DA:127,0
DA:128,0
DA:129,0
DA:130,0
DA:131,0
DA:135,0
DA:140,9
DA:141,9
DA:142,9
DA:143,0
DA:144,0
DA:145,0
DA:146,0
DA:148,0
DA:152,8
DA:157,8
DA:159,1
DA:160,1
DA:163,1
DA:180,1
DA:182,1
DA:183,1
DA:185,1
DA:191,1
DA:215,1
DA:217,1
DA:240,1
DA:242,1
LF:73
LH:58
BRDA:15,0,0,1
BRDA:15,1,0,10
BRDA:15,1,1,3
BRDA:20,2,0,1
BRDA:20,3,0,9
BRDA:20,3,1,1
BRDA:20,3,2,1
BRDA:21,4,0,0
BRDA:21,4,1,1
BRDA:21,5,0,1
BRDA:21,5,1,1
BRDA:22,6,0,0
BRDA:22,6,1,1
BRDA:22,7,0,1
BRDA:22,7,1,1
BRDA:23,8,0,1
BRDA:23,9,0,1
BRDA:23,9,1,1
BRDA:25,10,0,1
BRDA:30,11,0,1
BRDA:30,11,1,0
BRDA:34,12,0,1
BRDA:34,12,1,1
BRDA:48,13,0,8
BRDA:48,14,0,8
BRDA:48,14,1,8
BRDA:48,14,2,0
BRDA:63,15,0,1
BRDA:74,16,0,1
BRDA:81,17,0,0
BRDA:81,18,0,2
BRDA:81,18,1,2
BRDA:88,19,0,1
BRDA:103,20,0,1
BRDA:121,21,0,9
BRDA:121,21,1,0
BRDA:122,22,0,0
BRDA:122,22,1,0
BRDA:122,23,0,0
BRDA:122,23,1,0
BRDA:124,24,0,0
BRDA:124,25,0,9
BRDA:124,25,1,0
BRDA:126,26,0,0
BRDA:126,26,1,0
BRDA:128,27,0,0
BRDA:130,28,0,0
BRDA:130,29,0,0
BRDA:130,29,1,0
BRDA:130,30,0,0
BRDA:130,30,1,0
BRDA:130,31,0,0
BRDA:130,31,1,0
BRDA:140,32,0,9
BRDA:140,32,1,0
BRDA:143,33,0,0
BRDA:143,33,1,0
BRDA:145,34,0,0
BRDA:145,34,1,0
BRDA:159,35,0,1
BRDA:159,35,1,0
BRDA:196,36,0,1
BRDA:196,36,1,0
BRDA:198,37,0,1
BRDA:198,37,1,0
BRDA:222,38,0,1
BRDA:222,38,1,0
BRDA:247,39,0,1
BRDA:247,39,1,0
BRF:69
BRH:37
end_of_record
TN:
SF:src\utils\response.util.ts
FN:3,sendSuccess
FN:16,sendError
FNF:2
FNH:2
FNDA:5,sendSuccess
FNDA:2,sendError
DA:3,1
DA:9,5
DA:16,1
DA:21,2
LF:4
LH:4
BRDA:6,0,0,0
BRDA:7,1,0,2
BRDA:19,2,0,0
BRF:3
BRH:1
end_of_record
